<?xml version="1.0" encoding="UTF-8"?>
<?xml-stylesheet type="text/xsl" href="http://127.0.0.1/js-libs/kert/resources/xsl/generate-tests-presentation.xsl"?>
<kert:test-plan xmlns="http://www.w3.org/1999/xhtml" xmlns:kert="http://kuberam.ro/ns/kert" xml:base="unit-tests/"
	test-plan-version="0.4">
	<kert:description>Test plan for teian</kert:description>
	<kert:version>0.1</kert:version>
	<kert:results>
		<!--start of standard results - do not remove them -->
		<kert:result id="passed" icon-url="../resources/images/passed.png" font-color="white" background-color="green"
			score="0">Passed</kert:result>
		<kert:result id="failed" icon-url="../resources/images/failed.png" font-color="white" background-color="red"
			score="0">Failed</kert:result>
		<kert:result id="unfound" icon-url="" font-color="white" background-color="black" score="0">Unfound
		</kert:result>
		<kert:result id="undefined" icon-url="" font-color="white" background-color="black" score="0">Undefined result
			token
		</kert:result>
		<!--end of standard results - do not remove them -->
		<kert:result id="partial" icon-url="" font-color="white" background-color="yellow" score="0">Partial
		</kert:result>
		<kert:result id="unknown" icon-url="" font-color="black" background-color="white" score="0">Unknown
		</kert:result>
		<kert:result id="deprecated" icon-url="" font-color="white" background-color="green" score="0">Deprecated
		</kert:result>
		<kert:result id="timeout" icon-url="" font-color="white" background-color="green" score="0">Timeout
		</kert:result>
	</kert:results>
	<kert:test id="1">
		<kert:author>Claudius Teodorescu</kert:author>
		<kert:title>CKEditor</kert:title>
		<kert:version>0.1</kert:version>
		<kert:description>
			This test is for rendering CKEditor editor. If the editors are rendered well, the test is passed.
		</kert:description>
		<kert:test-url>ckeditor-rich-text-editor-01.xml</kert:test-url>
		<kert:source-url></kert:source-url>
		<kert:assertion>//result-token</kert:assertion>
		<kert:timeout />
		<kert:run-status timestamp="" />
		<kert:development-status timestamp="" />
		<kert:log />
		<kert:loops-number />
		<kert:total-test-time />
		<kert:type>unattended</kert:type>
		<kert:assertion-type>assert-xml</kert:assertion-type>
	</kert:test>
	<kert:test id="2">
		<kert:author>Claudius Teodorescu</kert:author>
		<kert:title>Dojo rich text editor</kert:title>
		<kert:version>0.1</kert:version>
		<kert:description>
			This test is for rendering Dojo rich text editor. If the editors are rendered well, the test is
			passed.
		</kert:description>
		<kert:test-url>dojo-rich-text-editor-01.xml</kert:test-url>
		<kert:source-url></kert:source-url>
		<kert:assertion>//result-token</kert:assertion>
		<kert:timeout />
		<kert:run-status timestamp="" />
		<kert:development-status timestamp="" />
		<kert:log />
		<kert:loops-number />
		<kert:total-test-time />
		<kert:type>unattended</kert:type>
		<kert:assertion-type>assert-xml</kert:assertion-type>
	</kert:test>
	<kert:test id="3">
		<kert:author>Claudius Teodorescu</kert:author>
		<kert:title>EditArea</kert:title>
		<kert:version>0.1</kert:version>
		<kert:description>
			This test is for rendering EditArea. If the editors are rendered well, the test is passed.
		</kert:description>
		<kert:test-url>editarea-code-editor-01.xml</kert:test-url>
		<kert:source-url></kert:source-url>
		<kert:assertion>//result-token</kert:assertion>
		<kert:timeout />
		<kert:run-status timestamp="" />
		<kert:development-status timestamp="" />
		<kert:log />
		<kert:loops-number />
		<kert:total-test-time />
		<kert:type>unattended</kert:type>
		<kert:assertion-type>assert-xml</kert:assertion-type>
	</kert:test>
	<kert:test id="4">
		<kert:author>Claudius Teodorescu</kert:author>
		<kert:title>Xinha rich text editor</kert:title>
		<kert:version>0.1</kert:version>
		<kert:description>
			This test is for rendering Xinha rich text editor. If the editors are rendered well, the test is
			passed.
		</kert:description>
		<kert:test-url>xinha-rich-text-editor-01.xml</kert:test-url>
		<kert:source-url></kert:source-url>
		<kert:assertion>//result-token</kert:assertion>
		<kert:timeout />
		<kert:run-status timestamp="" />
		<kert:development-status timestamp="" />
		<kert:log />
		<kert:loops-number />
		<kert:total-test-time />
		<kert:type>unattended</kert:type>
		<kert:assertion-type>assert-xml</kert:assertion-type>
	</kert:test>
	<kert:test id="5">
		<kert:author>Claudius Teodorescu</kert:author>
		<kert:title>YUI rich text editor</kert:title>
		<kert:version>0.1</kert:version>
		<kert:description>
			This test is for rendering YUI rich text editors. If the editors are rendered well, the test is
			passed.
		</kert:description>
		<kert:test-url>yui-rich-text-editors-01.xml</kert:test-url>
		<kert:source-url></kert:source-url>
		<kert:assertion>//result-token</kert:assertion>
		<kert:timeout />
		<kert:run-status timestamp="" />
		<kert:development-status timestamp="" />
		<kert:log />
		<kert:loops-number />
		<kert:total-test-time />
		<kert:type>unattended</kert:type>
		<kert:assertion-type>assert-xml</kert:assertion-type>
	</kert:test>
	<kert:test id="6">
		<kert:author>Claudius Teodorescu</kert:author>
		<kert:title>Transform action</kert:title>
		<kert:version>0.1</kert:version>
		<kert:description>
			This test is for the transform action.
		</kert:description>
		<kert:test-url>transform-action-01.xml</kert:test-url>
		<kert:source-url></kert:source-url>
		<kert:assertion>//result-token</kert:assertion>
		<kert:timeout />
		<kert:run-status timestamp="" />
		<kert:development-status timestamp="" />
		<kert:log />
		<kert:loops-number />
		<kert:total-test-time />
		<kert:type>unattended</kert:type>
		<kert:assertion-type>assert-xml</kert:assertion-type>
	</kert:test>
	<kert:traceability-matrix />
	<kert:test-tree>
		<ul id="data">
			<li id="tree-1" title="Test 1">CKEditor</li>
			<li id="tree-2" title="Test 2">Dojo rich text editor</li>
			<li id="tree-3" title="Test 3">EditArea</li>
			<li id="tree-4" title="Test 4">Xinha rich text editor</li>
			<li id="tree-5" title="Test 5">YUI rich text editors</li>
			<li id="tree-5" title="Test 5">Transform action</li>
		</ul>
	</kert:test-tree>
</kert:test-plan>